[Tue, 12 Aug 14 04:28:24 +0200][DEBUG] SELECT IF(COUNT(*)>0, 1 , 0) FROM `INFORMATION_SCHEMA`.`TABLES` WHERE `TABLE_NAME`='wp_posts'
[Tue, 12 Aug 14 04:28:24 +0200][DEBUG] DESCRIBE `wp_posts`
[Tue, 12 Aug 14 04:28:24 +0200][DEBUG] SELECT `wp_posts`.`ID`, `wp_posts`.`post_author`, `wp_posts`.`post_date`, `wp_posts`.`post_date_gmt`, `wp_posts`.`post_content`, `wp_posts`.`post_title`, `wp_posts`.`post_excerpt`, `wp_posts`.`post_status`, `wp_posts`.`comment_status`, `wp_posts`.`ping_status`, `wp_posts`.`post_password`, `wp_posts`.`post_name`, `wp_posts`.`to_ping`, `wp_posts`.`pinged`, `wp_posts`.`post_modified`, `wp_posts`.`post_modified_gmt`, `wp_posts`.`post_content_filtered`, `wp_posts`.`post_parent`, `wp_posts`.`guid`, `wp_posts`.`menu_order`, `wp_posts`.`post_type`, `wp_posts`.`post_mime_type`, `wp_posts`.`comment_count` FROM `wp_posts` WHERE `wp_posts`.`post_status` = 'publish' AND `wp_posts`.`post_type` = 'post'
[Tue, 12 Aug 14 04:28:31 +0200][DEBUG] SELECT IF(COUNT(*)>0, 1 , 0) FROM `INFORMATION_SCHEMA`.`TABLES` WHERE `TABLE_NAME`='wp_posts'
[Tue, 12 Aug 14 04:28:31 +0200][DEBUG] DESCRIBE `wp_posts`
[Tue, 12 Aug 14 04:28:31 +0200][DEBUG] SELECT `wp_posts`.`ID`, `wp_posts`.`post_author`, `wp_posts`.`post_date`, `wp_posts`.`post_date_gmt`, `wp_posts`.`post_content`, `wp_posts`.`post_title`, `wp_posts`.`post_excerpt`, `wp_posts`.`post_status`, `wp_posts`.`comment_status`, `wp_posts`.`ping_status`, `wp_posts`.`post_password`, `wp_posts`.`post_name`, `wp_posts`.`to_ping`, `wp_posts`.`pinged`, `wp_posts`.`post_modified`, `wp_posts`.`post_modified_gmt`, `wp_posts`.`post_content_filtered`, `wp_posts`.`post_parent`, `wp_posts`.`guid`, `wp_posts`.`menu_order`, `wp_posts`.`post_type`, `wp_posts`.`post_mime_type`, `wp_posts`.`comment_count` FROM `wp_posts` WHERE `wp_posts`.`post_status` = 'publish' AND `wp_posts`.`post_type` = 'post'
[Tue, 12 Aug 14 04:32:22 +0200][INFO] SELECT IF(COUNT(*)>0, 1 , 0) FROM `INFORMATION_SCHEMA`.`TABLES` WHERE `TABLE_NAME`='wp_posts'
[Tue, 12 Aug 14 04:32:22 +0200][INFO] DESCRIBE `wp_posts`
[Tue, 12 Aug 14 04:32:22 +0200][INFO] SELECT `wp_posts`.`ID`, `wp_posts`.`post_author`, `wp_posts`.`post_date`, `wp_posts`.`post_date_gmt`, `wp_posts`.`post_content`, `wp_posts`.`post_title`, `wp_posts`.`post_excerpt`, `wp_posts`.`post_status`, `wp_posts`.`comment_status`, `wp_posts`.`ping_status`, `wp_posts`.`post_password`, `wp_posts`.`post_name`, `wp_posts`.`to_ping`, `wp_posts`.`pinged`, `wp_posts`.`post_modified`, `wp_posts`.`post_modified_gmt`, `wp_posts`.`post_content_filtered`, `wp_posts`.`post_parent`, `wp_posts`.`guid`, `wp_posts`.`menu_order`, `wp_posts`.`post_type`, `wp_posts`.`post_mime_type`, `wp_posts`.`comment_count` FROM `wp_posts` WHERE `wp_posts`.`post_status` = 'publish' AND `wp_posts`.`post_type` = 'post'
[Tue, 12 Aug 14 04:32:47 +0200][INFO] SELECT IF(COUNT(*)>0, 1 , 0) FROM `INFORMATION_SCHEMA`.`TABLES` WHERE `TABLE_NAME`='wp_posts'
[Tue, 12 Aug 14 04:32:47 +0200][INFO] DESCRIBE `wp_posts`
[Tue, 12 Aug 14 04:32:47 +0200][INFO] SELECT `wp_posts`.`ID`, `wp_posts`.`post_author`, `wp_posts`.`post_date`, `wp_posts`.`post_date_gmt`, `wp_posts`.`post_content`, `wp_posts`.`post_title`, `wp_posts`.`post_excerpt`, `wp_posts`.`post_status`, `wp_posts`.`comment_status`, `wp_posts`.`ping_status`, `wp_posts`.`post_password`, `wp_posts`.`post_name`, `wp_posts`.`to_ping`, `wp_posts`.`pinged`, `wp_posts`.`post_modified`, `wp_posts`.`post_modified_gmt`, `wp_posts`.`post_content_filtered`, `wp_posts`.`post_parent`, `wp_posts`.`guid`, `wp_posts`.`menu_order`, `wp_posts`.`post_type`, `wp_posts`.`post_mime_type`, `wp_posts`.`comment_count` FROM `wp_posts` WHERE `wp_posts`.`post_status` = 'publish' AND `wp_posts`.`post_type` = 'post'
[Tue, 12 Aug 14 04:33:34 +0200][INFO] SELECT IF(COUNT(*)>0, 1 , 0) FROM `INFORMATION_SCHEMA`.`TABLES` WHERE `TABLE_NAME`='wp_posts'
[Tue, 12 Aug 14 04:33:34 +0200][INFO] DESCRIBE `wp_posts`
[Tue, 12 Aug 14 04:33:34 +0200][INFO] SELECT `wp_posts`.`ID`, `wp_posts`.`post_author`, `wp_posts`.`post_date`, `wp_posts`.`post_date_gmt`, `wp_posts`.`post_content`, `wp_posts`.`post_title`, `wp_posts`.`post_excerpt`, `wp_posts`.`post_status`, `wp_posts`.`comment_status`, `wp_posts`.`ping_status`, `wp_posts`.`post_password`, `wp_posts`.`post_name`, `wp_posts`.`to_ping`, `wp_posts`.`pinged`, `wp_posts`.`post_modified`, `wp_posts`.`post_modified_gmt`, `wp_posts`.`post_content_filtered`, `wp_posts`.`post_parent`, `wp_posts`.`guid`, `wp_posts`.`menu_order`, `wp_posts`.`post_type`, `wp_posts`.`post_mime_type`, `wp_posts`.`comment_count` FROM `wp_posts` WHERE `wp_posts`.`post_status` = 'publish' AND `wp_posts`.`post_type` = 'post'
[Tue, 12 Aug 14 04:33:59 +0200][INFO] SELECT IF(COUNT(*)>0, 1 , 0) FROM `INFORMATION_SCHEMA`.`TABLES` WHERE `TABLE_NAME`='wp_posts'
[Tue, 12 Aug 14 04:33:59 +0200][INFO] DESCRIBE `wp_posts`
[Tue, 12 Aug 14 04:33:59 +0200][INFO] SELECT `wp_posts`.`ID`, `wp_posts`.`post_author`, `wp_posts`.`post_date`, `wp_posts`.`post_date_gmt`, `wp_posts`.`post_content`, `wp_posts`.`post_title`, `wp_posts`.`post_excerpt`, `wp_posts`.`post_status`, `wp_posts`.`comment_status`, `wp_posts`.`ping_status`, `wp_posts`.`post_password`, `wp_posts`.`post_name`, `wp_posts`.`to_ping`, `wp_posts`.`pinged`, `wp_posts`.`post_modified`, `wp_posts`.`post_modified_gmt`, `wp_posts`.`post_content_filtered`, `wp_posts`.`post_parent`, `wp_posts`.`guid`, `wp_posts`.`menu_order`, `wp_posts`.`post_type`, `wp_posts`.`post_mime_type`, `wp_posts`.`comment_count` FROM `wp_posts` WHERE `wp_posts`.`ID` = 101 LIMIT :1
[Tue, 12 Aug 14 04:33:59 +0200][INFO] SELECT IF(COUNT(*)>0, 1 , 0) FROM `INFORMATION_SCHEMA`.`TABLES` WHERE `TABLE_NAME`='wp_posts'
[Tue, 12 Aug 14 04:33:59 +0200][INFO] DESCRIBE `wp_posts`
[Tue, 12 Aug 14 04:33:59 +0200][INFO] SELECT IF(COUNT(*)>0, 1 , 0) FROM `INFORMATION_SCHEMA`.`TABLES` WHERE `TABLE_NAME`='wp_posts'
[Tue, 12 Aug 14 04:33:59 +0200][INFO] DESCRIBE `wp_posts`
[Tue, 12 Aug 14 04:37:43 +0200][INFO] SELECT IF(COUNT(*)>0, 1 , 0) FROM `INFORMATION_SCHEMA`.`TABLES` WHERE `TABLE_NAME`='wp_posts'
[Tue, 12 Aug 14 04:37:43 +0200][INFO] DESCRIBE `wp_posts`
[Tue, 12 Aug 14 04:37:43 +0200][INFO] SELECT `wp_posts`.`ID`, `wp_posts`.`post_author`, `wp_posts`.`post_date`, `wp_posts`.`post_date_gmt`, `wp_posts`.`post_content`, `wp_posts`.`post_title`, `wp_posts`.`post_excerpt`, `wp_posts`.`post_status`, `wp_posts`.`comment_status`, `wp_posts`.`ping_status`, `wp_posts`.`post_password`, `wp_posts`.`post_name`, `wp_posts`.`to_ping`, `wp_posts`.`pinged`, `wp_posts`.`post_modified`, `wp_posts`.`post_modified_gmt`, `wp_posts`.`post_content_filtered`, `wp_posts`.`post_parent`, `wp_posts`.`guid`, `wp_posts`.`menu_order`, `wp_posts`.`post_type`, `wp_posts`.`post_mime_type`, `wp_posts`.`comment_count` FROM `wp_posts` WHERE `wp_posts`.`post_status` = 'publish' AND `wp_posts`.`post_type` = 'post'
[Tue, 12 Aug 14 04:40:04 +0200][INFO] SELECT IF(COUNT(*)>0, 1 , 0) FROM `INFORMATION_SCHEMA`.`TABLES` WHERE `TABLE_NAME`='wp_posts'
[Tue, 12 Aug 14 04:40:04 +0200][INFO] DESCRIBE `wp_posts`
[Tue, 12 Aug 14 04:40:04 +0200][INFO] SELECT `wp_posts`.`ID`, `wp_posts`.`post_author`, `wp_posts`.`post_date`, `wp_posts`.`post_date_gmt`, `wp_posts`.`post_content`, `wp_posts`.`post_title`, `wp_posts`.`post_excerpt`, `wp_posts`.`post_status`, `wp_posts`.`comment_status`, `wp_posts`.`ping_status`, `wp_posts`.`post_password`, `wp_posts`.`post_name`, `wp_posts`.`to_ping`, `wp_posts`.`pinged`, `wp_posts`.`post_modified`, `wp_posts`.`post_modified_gmt`, `wp_posts`.`post_content_filtered`, `wp_posts`.`post_parent`, `wp_posts`.`guid`, `wp_posts`.`menu_order`, `wp_posts`.`post_type`, `wp_posts`.`post_mime_type`, `wp_posts`.`comment_count` FROM `wp_posts` WHERE `wp_posts`.`post_status` = 'publish' AND `wp_posts`.`post_type` = 'post'
[Tue, 12 Aug 14 04:40:42 +0200][INFO] SELECT IF(COUNT(*)>0, 1 , 0) FROM `INFORMATION_SCHEMA`.`TABLES` WHERE `TABLE_NAME`='wp_posts'
[Tue, 12 Aug 14 04:40:42 +0200][INFO] DESCRIBE `wp_posts`
[Tue, 12 Aug 14 04:40:42 +0200][INFO] SELECT `wp_posts`.`ID`, `wp_posts`.`post_author`, `wp_posts`.`post_date`, `wp_posts`.`post_date_gmt`, `wp_posts`.`post_content`, `wp_posts`.`post_title`, `wp_posts`.`post_excerpt`, `wp_posts`.`post_status`, `wp_posts`.`comment_status`, `wp_posts`.`ping_status`, `wp_posts`.`post_password`, `wp_posts`.`post_name`, `wp_posts`.`to_ping`, `wp_posts`.`pinged`, `wp_posts`.`post_modified`, `wp_posts`.`post_modified_gmt`, `wp_posts`.`post_content_filtered`, `wp_posts`.`post_parent`, `wp_posts`.`guid`, `wp_posts`.`menu_order`, `wp_posts`.`post_type`, `wp_posts`.`post_mime_type`, `wp_posts`.`comment_count` FROM `wp_posts` WHERE `wp_posts`.`ID` = 101 LIMIT :1
[Tue, 12 Aug 14 04:40:42 +0200][INFO] SELECT IF(COUNT(*)>0, 1 , 0) FROM `INFORMATION_SCHEMA`.`TABLES` WHERE `TABLE_NAME`='wp_posts'
[Tue, 12 Aug 14 04:40:42 +0200][INFO] DESCRIBE `wp_posts`
[Tue, 12 Aug 14 04:40:42 +0200][INFO] SELECT IF(COUNT(*)>0, 1 , 0) FROM `INFORMATION_SCHEMA`.`TABLES` WHERE `TABLE_NAME`='wp_posts'
[Tue, 12 Aug 14 04:40:42 +0200][INFO] DESCRIBE `wp_posts`
[Tue, 12 Aug 14 04:41:22 +0200][INFO] SELECT IF(COUNT(*)>0, 1 , 0) FROM `INFORMATION_SCHEMA`.`TABLES` WHERE `TABLE_NAME`='wp_posts'
[Tue, 12 Aug 14 04:41:22 +0200][INFO] DESCRIBE `wp_posts`
[Tue, 12 Aug 14 04:41:22 +0200][INFO] SELECT `wp_posts`.`ID`, `wp_posts`.`post_author`, `wp_posts`.`post_date`, `wp_posts`.`post_date_gmt`, `wp_posts`.`post_content`, `wp_posts`.`post_title`, `wp_posts`.`post_excerpt`, `wp_posts`.`post_status`, `wp_posts`.`comment_status`, `wp_posts`.`ping_status`, `wp_posts`.`post_password`, `wp_posts`.`post_name`, `wp_posts`.`to_ping`, `wp_posts`.`pinged`, `wp_posts`.`post_modified`, `wp_posts`.`post_modified_gmt`, `wp_posts`.`post_content_filtered`, `wp_posts`.`post_parent`, `wp_posts`.`guid`, `wp_posts`.`menu_order`, `wp_posts`.`post_type`, `wp_posts`.`post_mime_type`, `wp_posts`.`comment_count` FROM `wp_posts` WHERE `wp_posts`.`post_status` = 'publish' AND `wp_posts`.`post_type` = 'post'
[Tue, 12 Aug 14 04:42:46 +0200][INFO] SELECT IF(COUNT(*)>0, 1 , 0) FROM `INFORMATION_SCHEMA`.`TABLES` WHERE `TABLE_NAME`='wp_posts'
[Tue, 12 Aug 14 04:42:46 +0200][INFO] DESCRIBE `wp_posts`
[Tue, 12 Aug 14 04:42:46 +0200][INFO] SELECT `wp_posts`.`ID`, `wp_posts`.`post_author`, `wp_posts`.`post_date`, `wp_posts`.`post_date_gmt`, `wp_posts`.`post_content`, `wp_posts`.`post_title`, `wp_posts`.`post_excerpt`, `wp_posts`.`post_status`, `wp_posts`.`comment_status`, `wp_posts`.`ping_status`, `wp_posts`.`post_password`, `wp_posts`.`post_name`, `wp_posts`.`to_ping`, `wp_posts`.`pinged`, `wp_posts`.`post_modified`, `wp_posts`.`post_modified_gmt`, `wp_posts`.`post_content_filtered`, `wp_posts`.`post_parent`, `wp_posts`.`guid`, `wp_posts`.`menu_order`, `wp_posts`.`post_type`, `wp_posts`.`post_mime_type`, `wp_posts`.`comment_count` FROM `wp_posts` WHERE `wp_posts`.`post_status` = 'publish' AND `wp_posts`.`post_type` = 'post'
